2025-08-31 06:24:18,833 - INFO - Starting scrape for: Twin 127mm (5"/38 Mk 38)
2025-08-31 06:25:01,781 - INFO - Starting scrape for: Twin 127mm (5"/38 Mk 38)
2025-08-31 06:25:16,414 - INFO - Starting scrape for: Twin 127mm (5"/38 Mk 38)
2025-08-31 06:25:16,415 - INFO - Starting scrape for: Triple 152mm Main Gun
2025-08-31 06:25:16,415 - INFO - Starting scrape for: 203mm/53 Twin Gun Mount
2025-08-31 06:25:16,415 - INFO - Starting scrape for: 305mm/50 Twin Gun Mount
2025-08-31 06:25:16,415 - INFO - Starting scrape for: 410mm/45 Triple Gun Mount
2025-08-31 06:25:16,428 - INFO - Starting scrape for: Type 96 25mm AA Gun
2025-08-31 06:25:16,428 - INFO - Starting scrape for: Type 93 Torpedo
2025-08-31 06:25:16,428 - INFO - Starting scrape for: Type 95 Torpedo
2025-08-31 06:25:16,428 - INFO - Starting scrape for: A6M Zero Fighter
2025-08-31 06:25:16,428 - INFO - Starting scrape for: D3A1 Val Dive Bomber
2025-08-31 06:25:16,442 - INFO - Starting scrape for: B5N2 Kate Torpedo Bomber
2025-08-31 06:25:16,442 - INFO - Starting scrape for: F1M Pete Seaplane
2025-08-31 06:25:16,442 - INFO - Starting scrape for: Radar Type 0
2025-08-31 06:25:16,443 - INFO - Starting scrape for: Fire Control System
2025-08-31 06:25:16,443 - INFO - Starting scrape for: Depth Charge
2025-08-31 06:41:19,173 - INFO - Starting scrape for: Twin 127mm (5"/38 Mk 38)
2025-08-31 06:41:48,218 - INFO - Starting scrape for: Twin 127mm (5"/38 Mk 38)
2025-08-31 06:41:48,218 - INFO - Starting scrape for: Triple 152mm Main Gun
2025-08-31 06:41:48,218 - INFO - Starting scrape for: 203mm/53 Twin Gun Mount
2025-08-31 06:41:48,219 - INFO - Starting scrape for: 305mm/50 Twin Gun Mount
2025-08-31 06:41:48,219 - INFO - Starting scrape for: 410mm/45 Triple Gun Mount
2025-08-31 06:41:48,232 - INFO - Starting scrape for: Type 96 25mm AA Gun
2025-08-31 06:41:48,233 - INFO - Starting scrape for: Type 93 Torpedo
2025-08-31 06:41:48,233 - INFO - Starting scrape for: Type 95 Torpedo
2025-08-31 06:41:48,233 - INFO - Starting scrape for: A6M Zero Fighter
2025-08-31 06:41:48,234 - INFO - Starting scrape for: D3A1 Val Dive Bomber
2025-08-31 06:41:48,247 - INFO - Starting scrape for: B5N2 Kate Torpedo Bomber
2025-08-31 06:41:48,248 - INFO - Starting scrape for: F1M Pete Seaplane
2025-08-31 06:41:48,249 - INFO - Starting scrape for: Radar Type 0
2025-08-31 06:41:48,249 - INFO - Starting scrape for: Fire Control System
2025-08-31 06:41:48,250 - INFO - Starting scrape for: Depth Charge
2025-08-31 07:33:13,974 - INFO - Starting scrape for: Twin 127mm (5"/38 Mk 38)
2025-08-31 07:33:13,974 - INFO - Starting scrape for: Triple 152mm Main Gun
2025-08-31 07:33:13,975 - INFO - Starting scrape for: 203mm/53 Twin Gun Mount
2025-08-31 07:33:13,975 - INFO - Starting scrape for: 305mm/50 Twin Gun Mount
2025-08-31 07:33:13,975 - INFO - Starting scrape for: 410mm/45 Triple Gun Mount
2025-08-31 07:33:13,989 - INFO - Starting scrape for: Type 96 25mm AA Gun
2025-08-31 07:33:13,989 - INFO - Starting scrape for: Type 93 Torpedo
2025-08-31 07:33:13,989 - INFO - Starting scrape for: Type 95 Torpedo
2025-08-31 07:33:13,990 - INFO - Starting scrape for: A6M Zero Fighter
2025-08-31 07:33:13,990 - INFO - Starting scrape for: D3A1 Val Dive Bomber
2025-08-31 07:33:14,002 - INFO - Starting scrape for: B5N2 Kate Torpedo Bomber
2025-08-31 07:33:14,003 - INFO - Starting scrape for: F1M Pete Seaplane
2025-08-31 07:33:14,004 - INFO - Starting scrape for: Radar Type 0
2025-08-31 07:33:14,004 - INFO - Starting scrape for: Fire Control System
2025-08-31 07:33:14,005 - INFO - Starting scrape for: Depth Charge
